<?xml version="1.0" encoding="UTF-8"?>
<testng-results ignored="0" total="0" passed="0" failed="0" skipped="0">
  <reporter-output>
  </reporter-output>
  <suite started-at="2024-07-10T10:19:32 WIB" name="Default suite" finished-at="2024-07-10T10:19:32 WIB" duration-ms="200">
    <groups>
      <group name="cucumber">
        <method signature="AbstractTestNGCucumberTests.runScenario(io.cucumber.testng.PickleWrapper,io.cucumber.testng.FeatureWrapper)[pri:0, instance:com.nostratech.nostrafussion.CucumberTest@537f60bf]" name="runScenario" class="io.cucumber.testng.AbstractTestNGCucumberTests"/>
      </group> <!-- cucumber -->
    </groups>
    <test started-at="2024-07-10T10:19:32 WIB" name="Default test" finished-at="2024-07-10T10:19:32 WIB" duration-ms="200">
      <class name="com.nostratech.nostrafussion.CucumberTest">
        <test-method is-config="true" signature="setUpClass(org.testng.ITestContext)[pri:0, instance:com.nostratech.nostrafussion.CucumberTest@537f60bf]" started-at="2024-07-10T10:19:32 WIB" name="setUpClass" finished-at="2024-07-10T10:19:32 WIB" duration-ms="179" status="PASS">
          <params>
            <param index="0">
              <value>
                <![CDATA[org.testng.TestRunner@4426bff1]]>
              </value>
            </param>
          </params>
          <reporter-output>
          </reporter-output>
        </test-method> <!-- setUpClass -->
        <test-method is-config="true" signature="tearDownClass()[pri:0, instance:com.nostratech.nostrafussion.CucumberTest@537f60bf]" started-at="2024-07-10T10:19:32 WIB" name="tearDownClass" finished-at="2024-07-10T10:19:32 WIB" duration-ms="1" status="PASS">
          <reporter-output>
          </reporter-output>
        </test-method> <!-- tearDownClass -->
      </class> <!-- com.nostratech.nostrafussion.CucumberTest -->
    </test> <!-- Default test -->
  </suite> <!-- Default suite -->
</testng-results>
